2025-03-02 15:27:33,114 [INFO] 与【高兴】的距离：0.4123
2025-03-02 15:27:33,115 [INFO] 与【悲伤】的距离：1.063
2025-03-02 15:27:33,115 [INFO] 与【平静】的距离：0.4123
2025-03-02 15:27:33,162 [INFO] 当前情绪状态: 平静
2025-03-02 15:27:33,169 [INFO] 使用回复库: reply/default.toml
2025-03-02 15:27:37,150 [INFO] 匹配到关键词：叫(姐姐|哥哥) 权重：1.0
2025-03-02 15:27:37,177 [INFO] 更新后的情绪值：{'P': 0.3, 'A': 0.0, 'D': 0.1}
2025-03-02 15:27:37,292 [INFO] 准备新一轮交互...
2025-03-02 15:27:37,992 [INFO] 与【高兴】的距离：0.469
2025-03-02 15:27:37,993 [INFO] 与【悲伤】的距离：1.0488
2025-03-02 15:27:37,993 [INFO] 与【平静】的距离：0.3464
2025-03-02 15:27:38,034 [INFO] 当前情绪状态: 平静
2025-03-02 15:27:38,041 [INFO] 使用回复库: reply/default.toml
2025-03-02 15:27:52,836 [INFO] 匹配到关键词：你好 权重：1.0
2025-03-02 15:27:52,851 [INFO] 更新后的情绪值：{'P': 0.3, 'A': 0.1, 'D': 0.1}
2025-03-02 15:27:52,964 [INFO] 准备新一轮交互...
2025-03-02 15:27:53,700 [INFO] 与【高兴】的距离：0.4123
2025-03-02 15:27:53,700 [INFO] 与【悲伤】的距离：1.063
2025-03-02 15:27:53,700 [INFO] 与【平静】的距离：0.4123
2025-03-02 15:27:53,734 [INFO] 当前情绪状态: 平静
2025-03-02 15:27:53,740 [INFO] 使用回复库: reply/default.toml
2025-03-02 15:27:54,834 [INFO] 匹配到关键词：你好 权重：1.0
2025-03-02 15:27:54,854 [INFO] 更新后的情绪值：{'P': 0.3, 'A': 0.2, 'D': 0.1}
2025-03-02 15:27:54,980 [INFO] 准备新一轮交互...
2025-03-02 15:27:55,619 [INFO] 与【高兴】的距离：0.3742
2025-03-02 15:27:55,619 [INFO] 与【悲伤】的距离：1.0863
2025-03-02 15:27:55,619 [INFO] 与【平静】的距离：0.4899
2025-03-02 15:27:55,653 [INFO] 当前情绪状态: 高兴
2025-03-02 15:27:55,655 [INFO] 使用回复库: reply/happy.toml
2025-03-02 15:28:09,100 [INFO] 收到终止信号，安全关闭...
2025-03-02 15:28:34,903 [INFO] 与【高兴】的距离：0.3742
2025-03-02 15:28:34,903 [INFO] 与【悲伤】的距离：1.0863
2025-03-02 15:28:34,904 [INFO] 与【平静】的距离：0.4899
2025-03-02 15:28:34,950 [INFO] 当前情绪状态: 高兴
2025-03-02 15:28:34,956 [INFO] 使用回复库: reply/happy.toml
2025-03-02 15:28:39,614 [INFO] 匹配到关键词：你好 权重：1.0
2025-03-02 15:28:39,628 [INFO] 更新后的情绪值：{'P': 0.3, 'A': 0.3, 'D': 0.1}
2025-03-02 15:28:39,669 [INFO] 准备新一轮交互...
2025-03-02 15:28:40,351 [INFO] 与【高兴】的距离：0.3606
2025-03-02 15:28:40,351 [INFO] 与【悲伤】的距离：1.118
2025-03-02 15:28:40,352 [INFO] 与【平静】的距离：0.5745
2025-03-02 15:28:40,386 [INFO] 当前情绪状态: 高兴
2025-03-02 15:28:40,391 [INFO] 使用回复库: reply/happy.toml
2025-03-02 16:01:57,866 [INFO] 与【高兴】的距离：0.3606
2025-03-02 16:01:57,867 [INFO] 与【悲伤】的距离：1.118
2025-03-02 16:01:57,867 [INFO] 与【平静】的距离：0.5745
2025-03-02 16:01:57,892 [INFO] 当前情绪状态: 高兴
2025-03-02 16:01:57,897 [INFO] 使用回复库: reply/happy.toml
2025-03-02 16:02:01,192 [INFO] 匹配到关键词：(你好|Hi) 权重：1.0
2025-03-02 16:02:01,203 [INFO] 更新后的情绪值：{'P': 0.3, 'A': 0.4, 'D': 0.1}
2025-03-02 16:02:01,232 [INFO] 准备新一轮交互...
2025-03-02 16:02:01,925 [INFO] 与【高兴】的距离：0.3742
2025-03-02 16:02:01,926 [INFO] 与【悲伤】的距离：1.1576
2025-03-02 16:02:01,926 [INFO] 与【平静】的距离：0.6633
2025-03-02 16:02:01,954 [INFO] 当前情绪状态: 高兴
2025-03-02 16:02:01,961 [INFO] 使用回复库: reply/happy.toml
2025-03-02 16:02:04,942 [INFO] 匹配到关键词：(你好|Hi) 权重：1.0
2025-03-02 16:02:04,964 [INFO] 更新后的情绪值：{'P': 0.3, 'A': 0.5, 'D': 0.1}
2025-03-02 16:02:05,076 [INFO] 准备新一轮交互...
2025-03-02 16:02:05,820 [INFO] 与【高兴】的距离：0.4123
2025-03-02 16:02:05,820 [INFO] 与【悲伤】的距离：1.2042
2025-03-02 16:02:05,821 [INFO] 与【平静】的距离：0.755
2025-03-02 16:02:05,862 [INFO] 当前情绪状态: 高兴
2025-03-02 16:02:05,873 [INFO] 使用回复库: reply/happy.toml
2025-03-02 16:02:16,292 [INFO] 匹配到关键词：最棒 权重：1.5
2025-03-02 16:02:16,310 [INFO] 更新后的情绪值：{'P': 0.6, 'A': 0.5, 'D': 0.1}
2025-03-02 16:02:16,419 [INFO] 准备新一轮交互...
2025-03-02 16:02:17,155 [INFO] 与【高兴】的距离：0.3742
2025-03-02 16:02:17,156 [INFO] 与【悲伤】的距离：1.4629
2025-03-02 16:02:17,156 [INFO] 与【平静】的距离：0.8832
2025-03-02 16:02:17,188 [INFO] 当前情绪状态: 高兴
2025-03-02 16:02:17,195 [INFO] 使用回复库: reply/happy.toml
